[33m52041[0;39m [34m[http-nio-8080-exec-5][0;39m DEBUG [32mc.p.i.s.impl.ProductServiceImpl[0;39m - [36mFetching all the products[0;39m 
[33m100414[0;39m [34m[http-nio-8080-exec-6][0;39m DEBUG [32mc.p.i.s.impl.ProductServiceImpl[0;39m - [36mFetching product 1...[0;39m 
[33m34203[0;39m [34m[http-nio-8080-exec-2][0;39m DEBUG [32mc.p.i.s.impl.ProductServiceImpl[0;39m - [36mCreating product ... [0;39m 
[33m34266[0;39m [34m[http-nio-8080-exec-2][0;39m DEBUG [32mc.p.i.s.impl.ProductServiceImpl[0;39m - [36mProduct created: Id {23} Nuz2 - Ostry, s dobrym ostrim a pevnou rukojenti, v lese vas nezklame (https://dellinger.cz/8160-large_default/nuz-lovecky-dellinger-cazador-vg-10-damascus.jpg): price [0] stock [2][0;39m 
[33m8643[0;39m [34m[http-nio-8080-exec-1][0;39m DEBUG [32mc.p.i.s.impl.ProductServiceImpl[0;39m - [36mCreating product ... [0;39m 
[33m112991[0;39m [34m[http-nio-8080-exec-2][0;39m DEBUG [32mc.p.i.s.impl.ProductServiceImpl[0;39m - [36mCreating product ... [0;39m 
[33m136477[0;39m [34m[http-nio-8080-exec-3][0;39m DEBUG [32mc.p.i.s.impl.ProductServiceImpl[0;39m - [36mCreating product ... [0;39m 
[33m20693[0;39m [34m[http-nio-8080-exec-2][0;39m DEBUG [32mc.p.i.s.impl.ProductServiceImpl[0;39m - [36mCreating product ... [0;39m 
[33m20745[0;39m [34m[http-nio-8080-exec-2][0;39m DEBUG [32mc.p.i.s.impl.ProductServiceImpl[0;39m - [36mProduct created: Id {27} Nuz3 - Ostry, s dobrym ostrim a pevnou rukojenti, v lese vas nezklame (https://dellinger.cz/8160-large_default/nuz-lovecky-dellinger-cazador-vg-10-damascus.jpg): price [1] stock [2][0;39m 
[33m44888[0;39m [34m[http-nio-8080-exec-4][0;39m DEBUG [32mc.p.i.s.impl.ProductServiceImpl[0;39m - [36mCreating product ... [0;39m 
[33m44892[0;39m [34m[http-nio-8080-exec-4][0;39m DEBUG [32mc.p.i.s.impl.ProductServiceImpl[0;39m - [36mProduct created: Id {28} Nuz se spatnou cenou - Ostry, s dobrym ostrim a pevnou rukojenti, v lese vas nezklame (https://dellinger.cz/8160-large_default/nuz-lovecky-dellinger-cazador-vg-10-damascus.jpg): price [0] stock [2][0;39m 
[33m7142[0;39m [34m[http-nio-8080-exec-1][0;39m DEBUG [32mc.p.i.s.impl.ProductServiceImpl[0;39m - [36mCreating product ... [0;39m 
[33m26178[0;39m [34m[http-nio-8080-exec-3][0;39m DEBUG [32mc.p.i.s.impl.ProductServiceImpl[0;39m - [36mCreating product ... [0;39m 
[33m26192[0;39m [34m[http-nio-8080-exec-3][0;39m DEBUG [32mc.p.i.s.impl.ProductServiceImpl[0;39m - [36mProduct created: Id {30} Nuz se spatnou cenou 3 - Ostry, s dobrym ostrim a pevnou rukojenti, v lese vas nezklame (https://dellinger.cz/8160-large_default/nuz-lovecky-dellinger-cazador-vg-10-damascus.jpg): price [0] stock [2][0;39m 
[33m85945[0;39m [34m[http-nio-8080-exec-4][0;39m DEBUG [32mc.p.i.s.impl.ProductServiceImpl[0;39m - [36mFetching all the products[0;39m 
[33m93938[0;39m [34m[http-nio-8080-exec-5][0;39m DEBUG [32mc.p.i.s.impl.ProductServiceImpl[0;39m - [36mFetching product 23...[0;39m 
[33m95370[0;39m [34m[http-nio-8080-exec-7][0;39m DEBUG [32mc.p.i.s.impl.ProductServiceImpl[0;39m - [36mProduct 23 was deleted[0;39m 
[33m95417[0;39m [34m[http-nio-8080-exec-8][0;39m DEBUG [32mc.p.i.s.impl.ProductServiceImpl[0;39m - [36mFetching all the products[0;39m 
[33m96552[0;39m [34m[http-nio-8080-exec-9][0;39m DEBUG [32mc.p.i.s.impl.ProductServiceImpl[0;39m - [36mFetching product 30...[0;39m 
[33m97810[0;39m [34m[http-nio-8080-exec-1][0;39m DEBUG [32mc.p.i.s.impl.ProductServiceImpl[0;39m - [36mProduct 30 was deleted[0;39m 
[33m97828[0;39m [34m[http-nio-8080-exec-2][0;39m DEBUG [32mc.p.i.s.impl.ProductServiceImpl[0;39m - [36mFetching all the products[0;39m 
[33m98896[0;39m [34m[http-nio-8080-exec-3][0;39m DEBUG [32mc.p.i.s.impl.ProductServiceImpl[0;39m - [36mFetching product 13...[0;39m 
[33m101463[0;39m [34m[http-nio-8080-exec-4][0;39m DEBUG [32mc.p.i.s.impl.ProductServiceImpl[0;39m - [36mFetching all the products[0;39m 
[33m102900[0;39m [34m[http-nio-8080-exec-5][0;39m DEBUG [32mc.p.i.s.impl.ProductServiceImpl[0;39m - [36mFetching product 27...[0;39m 
[33m104107[0;39m [34m[http-nio-8080-exec-7][0;39m DEBUG [32mc.p.i.s.impl.ProductServiceImpl[0;39m - [36mProduct 27 was deleted[0;39m 
[33m104125[0;39m [34m[http-nio-8080-exec-8][0;39m DEBUG [32mc.p.i.s.impl.ProductServiceImpl[0;39m - [36mFetching all the products[0;39m 
[33m105688[0;39m [34m[http-nio-8080-exec-9][0;39m DEBUG [32mc.p.i.s.impl.ProductServiceImpl[0;39m - [36mFetching product 28...[0;39m 
[33m106774[0;39m [34m[http-nio-8080-exec-1][0;39m DEBUG [32mc.p.i.s.impl.ProductServiceImpl[0;39m - [36mProduct 28 was deleted[0;39m 
[33m106785[0;39m [34m[http-nio-8080-exec-2][0;39m DEBUG [32mc.p.i.s.impl.ProductServiceImpl[0;39m - [36mFetching all the products[0;39m 
[33m12894[0;39m [34m[http-nio-8080-exec-1][0;39m DEBUG [32mc.p.i.s.impl.ProductServiceImpl[0;39m - [36mFetching all the products[0;39m 
[33m21853[0;39m [34m[http-nio-8080-exec-4][0;39m DEBUG [32mc.p.i.s.impl.ProductServiceImpl[0;39m - [36mFetching all the products[0;39m 
[33m23863[0;39m [34m[http-nio-8080-exec-5][0;39m DEBUG [32mc.p.i.s.impl.ProductServiceImpl[0;39m - [36mFetching product 15...[0;39m 
[33m27573[0;39m [34m[http-nio-8080-exec-6][0;39m DEBUG [32mc.p.i.s.impl.ProductServiceImpl[0;39m - [36mFetching product 15...[0;39m 
[33m45533[0;39m [34m[http-nio-8080-exec-8][0;39m DEBUG [32mc.p.i.s.impl.ProductServiceImpl[0;39m - [36mProduct 15 is being updated[0;39m 
[33m45600[0;39m [34m[http-nio-8080-exec-8][0;39m DEBUG [32mc.p.i.s.impl.ProductServiceImpl[0;39m - [36mProduct was updated as Id {15} Firesteel - Odted v lese bez sirek a zapalovace! (https://d25-a.sdn.cz/d_25/c_img_E_Iw/dda9LJ.jpeg?fl=res%2C350%2C350%2C1%7Cwebp%2C80): price [800] stock [-120][0;39m 
[33m45616[0;39m [34m[http-nio-8080-exec-9][0;39m DEBUG [32mc.p.i.s.impl.ProductServiceImpl[0;39m - [36mFetching product 15...[0;39m 
[33m52771[0;39m [34m[http-nio-8080-exec-10][0;39m DEBUG [32mc.p.i.s.impl.ProductServiceImpl[0;39m - [36mFetching all the products[0;39m 
[33m56020[0;39m [34m[http-nio-8080-exec-1][0;39m DEBUG [32mc.p.i.s.impl.ProductServiceImpl[0;39m - [36mFetching product 15...[0;39m 
[33m58993[0;39m [34m[http-nio-8080-exec-2][0;39m DEBUG [32mc.p.i.s.impl.ProductServiceImpl[0;39m - [36mFetching product 15...[0;39m 
[33m63271[0;39m [34m[http-nio-8080-exec-3][0;39m DEBUG [32mc.p.i.s.impl.ProductServiceImpl[0;39m - [36mProduct 15 is being updated[0;39m 
[33m63281[0;39m [34m[http-nio-8080-exec-3][0;39m DEBUG [32mc.p.i.s.impl.ProductServiceImpl[0;39m - [36mProduct was updated as Id {15} Firesteel - Odted v lese bez sirek a zapalovace! (https://d25-a.sdn.cz/d_25/c_img_E_Iw/dda9LJ.jpeg?fl=res%2C350%2C350%2C1%7Cwebp%2C80): price [800] stock [12][0;39m 
[33m63304[0;39m [34m[http-nio-8080-exec-4][0;39m DEBUG [32mc.p.i.s.impl.ProductServiceImpl[0;39m - [36mFetching product 15...[0;39m 
[33m70318[0;39m [34m[http-nio-8080-exec-5][0;39m DEBUG [32mc.p.i.s.impl.ProductServiceImpl[0;39m - [36mFetching all the products[0;39m 
[33m53443[0;39m [34m[http-nio-8080-exec-4][0;39m DEBUG [32mc.p.i.s.impl.ProductServiceImpl[0;39m - [36mCreating product ... [0;39m 
[33m53499[0;39m [34m[http-nio-8080-exec-4][0;39m DEBUG [32mc.p.i.s.impl.ProductServiceImpl[0;39m - [36mProduct created: Id {31} Nuz cislo neco - Ostry, s dobrym ostrim a pevnou rukojenti, v lese vas nezklame (https://dellinger.cz/8160-large_default/nuz-lovecky-dellinger-cazador-vg-10-damascus.jpg): price [12] stock [10][0;39m 
[33m86250[0;39m [34m[http-nio-8080-exec-5][0;39m DEBUG [32mc.p.i.s.impl.ProductServiceImpl[0;39m - [36mFetching all the products[0;39m 
[33m89210[0;39m [34m[http-nio-8080-exec-6][0;39m DEBUG [32mc.p.i.s.impl.ProductServiceImpl[0;39m - [36mFetching product 31...[0;39m 
[33m91878[0;39m [34m[http-nio-8080-exec-8][0;39m DEBUG [32mc.p.i.s.impl.ProductServiceImpl[0;39m - [36mProduct 31 was deleted[0;39m 
[33m91899[0;39m [34m[http-nio-8080-exec-9][0;39m DEBUG [32mc.p.i.s.impl.ProductServiceImpl[0;39m - [36mFetching all the products[0;39m 
